<?xml version="1.0" encoding="UTF-8"?>
<!-- Generated by org.testng.reporters.JUnitReportReporter -->
<testsuite skipped="0" hostname="SDYRNDMFARRELL" name="base.po.ProjectDashBoard_PO_Test" tests="2" failures="0" timestamp="28 Jan 2019 04:55:46 GMT" time="0.114" errors="0">
  <testcase name="ValidateDataModelCorrectAfterChangingDataModelValues" time="0.044" classname="base.po.ProjectDashBoard_PO_Test"/>
  <testcase name="ValidateProjectDashBoardsName" time="0.070" classname="base.po.ProjectDashBoard_PO_Test"/>
</testsuite> <!-- base.po.ProjectDashBoard_PO_Test -->
